Arguments: 
  /usr/bin/node /usr/local/lib/node_modules/yarn/bin/yarn.js init

PATH: 
  /usr/local/lib/node_modules/yarn/bin:/home/dev/.bin:/usr/local/sbin:/usr/local/bin:/usr/sbin:/usr/bin:/sbin:/bin:/opt/android-sdk-linux/tools:/opt/android-sdk-linux/tools/bin:/opt/android-sdk-linux/platform-tools

Yarn version: 
  1.16.0

Node version: 
  8.10.0

Platform: 
  linux x64

Trace: 
  Error: canceled
      at Interface.<anonymous> (/usr/local/lib/node_modules/yarn/lib/cli.js:125850:13)
      at emitNone (events.js:106:13)
      at Interface.emit (events.js:208:7)
      at Interface._ttyWrite (readline.js:775:16)
      at ReadStream.onkeypress (readline.js:160:10)
      at emitTwo (events.js:126:13)
      at ReadStream.emit (events.js:214:7)
      at emitKeys (internal/readline.js:420:14)
      at emitKeys.next (<anonymous>)
      at ReadStream.onData (readline.js:1011:36)

npm manifest: 
  {
    "name": "SandboxProject",
    "version": "0.0.1",
    "private": true,
    "scripts": {
      "start": "node node_modules/react-native/local-cli/cli.js start",
      "test": "jest"
    },
    "dependencies": {
      "react": "16.8.3",
      "react-native": "0.59.8",
      "react-native-gesture-handler": "^1.2.1",
      "react-navigation": "^3.11.0"
    },
    "devDependencies": {
      "@babel/core": "^7.4.4",
      "@babel/runtime": "^7.4.4",
      "babel-jest": "^24.8.0",
      "jest": "^24.8.0",
      "react-devtools": "3.6.1",
      "metro-react-native-babel-preset": "^0.54.0",
      "react-test-renderer": "16.8.3"
    },
    "jest": {
      "preset": "react-native"
    }
  }

yarn manifest: 
  No manifest

Lockfile: 
  No lockfile
